<?xml version="1.0" encoding="UTF-8"?>
<!-- Generated by org.testng.reporters.JUnitXMLReporter -->
<testsuite ignored="2" hostname="15EG2036tu" failures="0" tests="1" name="Default test" time="2.013" errors="0" timestamp="2023-01-19T20:26:44 IST">
  <testcase classname="restassured.tests.Delete_Test_Demo" name="TestDeleteUser" time="1.98"/>
  <testcase classname="restassured.tests.Delete_Test_Demo" name="UserIdDoesnotExist" time="0.0">
    <ignored/>
  </testcase> <!-- UserIdDoesnotExist -->
  <testcase classname="restassured.tests.Delete_Test_Demo" name="userID_doesnotexist_BDDStyle" time="0.0">
    <ignored/>
  </testcase> <!-- userID_doesnotexist_BDDStyle -->
</testsuite> <!-- Default test -->
