<?xml version="1.0" encoding="UTF-8"?>
<testng-results ignored="2" total="3" passed="1" failed="0" skipped="0">
  <reporter-output>
  </reporter-output>
  <suite started-at="2023-01-19T20:26:42 IST" name="Default suite" finished-at="2023-01-19T20:26:44 IST" duration-ms="2013">
    <groups>
    </groups>
    <test started-at="2023-01-19T20:26:42 IST" name="Default test" finished-at="2023-01-19T20:26:44 IST" duration-ms="2013">
      <class name="restassured.tests.Delete_Test_Demo">
        <test-method signature="TestDeleteUser()[pri:0, instance:restassured.tests.Delete_Test_Demo@306f16f3]" started-at="2023-01-19T20:26:42 IST" name="TestDeleteUser" finished-at="2023-01-19T20:26:44 IST" duration-ms="1980" status="PASS">
          <reporter-output>
          </reporter-output>
        </test-method> <!-- TestDeleteUser -->
      </class> <!-- restassured.tests.Delete_Test_Demo -->
    </test> <!-- Default test -->
  </suite> <!-- Default suite -->
</testng-results>
